Flow report for PCXT_atlas_cyc
Fri May 12 11:33:02 2023
Quartus Prime Version 17.1.0 Build 590 10/25/2017 SJ Lite Edition


---------------------
; Table of Contents ;
---------------------
  1. Legal Notice
  2. Flow Summary
  3. Flow Settings
  4. Flow Non-Default Global Settings
  5. Flow Elapsed Time
  6. Flow OS Summary
  7. Flow Log
  8. Flow Messages
  9. Flow Suppressed Messages



----------------
; Legal Notice ;
----------------
Copyright (C) 2017  Intel Corporation. All rights reserved.
Your use of Intel Corporation's design tools, logic functions 
and other software and tools, and its AMPP partner logic 
functions, and any output files from any of the foregoing 
(including device programming or simulation files), and any 
associated documentation or information are expressly subject 
to the terms and conditions of the Intel Program License 
Subscription Agreement, the Intel Quartus Prime License Agreement,
the Intel FPGA IP License Agreement, or other applicable license
agreement, including, without limitation, that your use is for
the sole purpose of programming logic devices manufactured by
Intel and sold by Intel or its authorized distributors.  Please
refer to the applicable agreement for further details.



+----------------------------------------------------------------------------------+
; Flow Summary                                                                     ;
+------------------------------------+---------------------------------------------+
; Flow Status                        ; Successful - Fri May 12 11:32:54 2023       ;
; Quartus Prime Version              ; 17.1.0 Build 590 10/25/2017 SJ Lite Edition ;
; Revision Name                      ; PCXT_atlas_cyc                              ;
; Top-level Entity Name              ; atlas_top                                   ;
; Family                             ; Cyclone 10 LP                               ;
; Device                             ; 10CL025YU256C8G                             ;
; Timing Models                      ; Final                                       ;
; Total logic elements               ; 24,108 / 24,624 ( 98 % )                    ;
;     Total combinational functions  ; 23,322 / 24,624 ( 95 % )                    ;
;     Dedicated logic registers      ; 6,490 / 24,624 ( 26 % )                     ;
; Total registers                    ; 6494                                        ;
; Total pins                         ; 83 / 151 ( 55 % )                           ;
; Total virtual pins                 ; 0                                           ;
; Total memory bits                  ; 502,112 / 608,256 ( 83 % )                  ;
; Embedded Multiplier 9-bit elements ; 8 / 132 ( 6 % )                             ;
; Total PLLs                         ; 4 / 4 ( 100 % )                             ;
+------------------------------------+---------------------------------------------+


+-----------------------------------------+
; Flow Settings                           ;
+-------------------+---------------------+
; Option            ; Setting             ;
+-------------------+---------------------+
; Start date & time ; 05/12/2023 11:25:41 ;
; Main task         ; Compilation         ;
; Revision Name     ; PCXT_atlas_cyc      ;
+-------------------+---------------------+


+---------------------------------------------------------------------------------------------------------------------------------------------------------------+
; Flow Non-Default Global Settings                                                                                                                              ;
+--------------------------------------+----------------------------------------------------------------------------+----------------+-------------+------------+
; Assignment Name                      ; Value                                                                      ; Default Value  ; Entity Name ; Section Id ;
+--------------------------------------+----------------------------------------------------------------------------+----------------+-------------+------------+
; AUTO_MERGE_PLLS                      ; Off                                                                        ; On             ; --          ; --         ;
; AUTO_RAM_TO_LCELL_CONVERSION         ; On                                                                         ; Off            ; --          ; --         ;
; COMPILER_SIGNATURE_ID                ; 277302814092627.168388354137766                                            ; --             ; --          ; --         ;
; CYCLONEII_OPTIMIZATION_TECHNIQUE     ; Area                                                                       ; Balanced       ; --          ; --         ;
; FITTER_EFFORT                        ; Standard Fit                                                               ; Auto Fit       ; --          ; --         ;
; FLOW_ENABLE_POWER_ANALYZER           ; On                                                                         ; Off            ; --          ; --         ;
; MAX_CORE_JUNCTION_TEMP               ; 85                                                                         ; --             ; --          ; --         ;
; MIN_CORE_JUNCTION_TEMP               ; 0                                                                          ; --             ; --          ; --         ;
; MISC_FILE                            ; pll.ppf                                                                    ; --             ; --          ; --         ;
; MISC_FILE                            ; pllvideo.ppf                                                               ; --             ; --          ; --         ;
; MISC_FILE                            ; pll2/pll2.ppf                                                              ; --             ; --          ; --         ;
; MISC_FILE                            ; ../DeMiSTify/controller/../EightThirtyTwo/RTL/altera/debug_virtualjtag.cmp ; --             ; --          ; --         ;
; MUX_RESTRUCTURE                      ; Off                                                                        ; Auto           ; --          ; --         ;
; NUM_PARALLEL_PROCESSORS              ; All                                                                        ; --             ; --          ; --         ;
; OPTIMIZATION_MODE                    ; Aggressive Performance                                                     ; Balanced       ; --          ; --         ;
; OUTPUT_IO_TIMING_FAR_END_VMEAS       ; Half Signal Swing                                                          ; --             ; --          ; --         ;
; OUTPUT_IO_TIMING_FAR_END_VMEAS       ; Half Signal Swing                                                          ; --             ; --          ; --         ;
; OUTPUT_IO_TIMING_NEAR_END_VMEAS      ; Half Vccio                                                                 ; --             ; --          ; --         ;
; OUTPUT_IO_TIMING_NEAR_END_VMEAS      ; Half Vccio                                                                 ; --             ; --          ; --         ;
; PARTITION_COLOR                      ; -- (Not supported for targeted family)                                     ; --             ; atlas_top   ; Top        ;
; PARTITION_FITTER_PRESERVATION_LEVEL  ; -- (Not supported for targeted family)                                     ; --             ; atlas_top   ; Top        ;
; PARTITION_NETLIST_TYPE               ; -- (Not supported for targeted family)                                     ; --             ; atlas_top   ; Top        ;
; PHYSICAL_SYNTHESIS_COMBO_LOGIC       ; On                                                                         ; Off            ; --          ; --         ;
; PHYSICAL_SYNTHESIS_REGISTER_RETIMING ; On                                                                         ; Off            ; --          ; --         ;
; PLACEMENT_EFFORT_MULTIPLIER          ; 4.0                                                                        ; 1.0            ; --          ; --         ;
; POWER_BOARD_THERMAL_MODEL            ; None (CONSERVATIVE)                                                        ; --             ; --          ; --         ;
; POWER_DEFAULT_INPUT_IO_TOGGLE_RATE   ; 12.5 %                                                                     ; 12.5%          ; --          ; --         ;
; POWER_PRESET_COOLING_SOLUTION        ; 23 MM HEAT SINK WITH 200 LFPM AIRFLOW                                      ; --             ; --          ; --         ;
; PRE_FLOW_SCRIPT_FILE                 ; quartus_sh:../build_id.tcl                                                 ; --             ; --          ; --         ;
; PROJECT_OUTPUT_DIRECTORY             ; output_files                                                               ; --             ; --          ; --         ;
; REMOVE_REDUNDANT_LOGIC_CELLS         ; On                                                                         ; Off            ; --          ; --         ;
; ROUTER_TIMING_OPTIMIZATION_LEVEL     ; MAXIMUM                                                                    ; Normal         ; --          ; --         ;
; TOP_LEVEL_ENTITY                     ; atlas_top                                                                  ; PCXT_atlas_cyc ; --          ; --         ;
; VERILOG_MACRO                        ; DEMISTIFY_PARALLEL_AUDIO=1                                                 ; --             ; --          ; --         ;
; VERILOG_MACRO                        ; DEMISTIFY_HDMI=1                                                           ; --             ; --          ; --         ;
; VERILOG_MACRO                        ; DEMISTIFY_ATLAS_CYC=1                                                      ; --             ; --          ; --         ;
; VERILOG_MACRO                        ; DEMISTIFY=1                                                                ; --             ; --          ; --         ;
+--------------------------------------+----------------------------------------------------------------------------+----------------+-------------+------------+


+-------------------------------------------------------------------------------------------------------------------------------+
; Flow Elapsed Time                                                                                                             ;
+---------------------------+--------------+-------------------------+---------------------+------------------------------------+
; Module Name               ; Elapsed Time ; Average Processors Used ; Peak Virtual Memory ; Total CPU Time (on all processors) ;
+---------------------------+--------------+-------------------------+---------------------+------------------------------------+
; Analysis & Synthesis      ; 00:03:20     ; 1.0                     ; 1415 MB             ; 00:03:32                           ;
; Fitter                    ; 00:03:32     ; 1.4                     ; 2577 MB             ; 00:07:57                           ;
; Assembler                 ; 00:00:02     ; 1.0                     ; 869 MB              ; 00:00:02                           ;
; Power Analyzer            ; 00:00:12     ; 1.3                     ; 1604 MB             ; 00:00:15                           ;
; TimeQuest Timing Analyzer ; 00:00:07     ; 2.0                     ; 1242 MB             ; 00:00:13                           ;
; Total                     ; 00:07:13     ; --                      ; --                  ; 00:11:59                           ;
+---------------------------+--------------+-------------------------+---------------------+------------------------------------+


+---------------------------------------------------------------------------------------------+
; Flow OS Summary                                                                             ;
+---------------------------+------------------+----------------+------------+----------------+
; Module Name               ; Machine Hostname ; OS Name        ; OS Version ; Processor type ;
+---------------------------+------------------+----------------+------------+----------------+
; Analysis & Synthesis      ; jordi-5600G      ; Ubuntu 22.04.2 ; 22         ; x86_64         ;
; Fitter                    ; jordi-5600G      ; Ubuntu 22.04.2 ; 22         ; x86_64         ;
; Assembler                 ; jordi-5600G      ; Ubuntu 22.04.2 ; 22         ; x86_64         ;
; Power Analyzer            ; jordi-5600G      ; Ubuntu 22.04.2 ; 22         ; x86_64         ;
; TimeQuest Timing Analyzer ; jordi-5600G      ; Ubuntu 22.04.2 ; 22         ; x86_64         ;
+---------------------------+------------------+----------------+------------+----------------+


------------
; Flow Log ;
------------
quartus_map --read_settings_files=on --write_settings_files=off PCXT_atlas_cyc -c PCXT_atlas_cyc
quartus_fit --read_settings_files=off --write_settings_files=off PCXT_atlas_cyc -c PCXT_atlas_cyc
quartus_asm --read_settings_files=off --write_settings_files=off PCXT_atlas_cyc -c PCXT_atlas_cyc
quartus_pow --read_settings_files=off --write_settings_files=off PCXT_atlas_cyc -c PCXT_atlas_cyc
quartus_sta PCXT_atlas_cyc -c PCXT_atlas_cyc



