Flow report for NeoGeo_deca
Tue Jul 25 21:04:57 2023
Quartus Prime Version 17.1.0 Build 590 10/25/2017 SJ Lite Edition


---------------------
; Table of Contents ;
---------------------
  1. Legal Notice
  2. Flow Summary
  3. Flow Settings
  4. Flow Non-Default Global Settings
  5. Flow Elapsed Time
  6. Flow OS Summary
  7. Flow Log
  8. Flow Messages
  9. Flow Suppressed Messages



----------------
; Legal Notice ;
----------------
Copyright (C) 2017  Intel Corporation. All rights reserved.
Your use of Intel Corporation's design tools, logic functions 
and other software and tools, and its AMPP partner logic 
functions, and any output files from any of the foregoing 
(including device programming or simulation files), and any 
associated documentation or information are expressly subject 
to the terms and conditions of the Intel Program License 
Subscription Agreement, the Intel Quartus Prime License Agreement,
the Intel FPGA IP License Agreement, or other applicable license
agreement, including, without limitation, that your use is for
the sole purpose of programming logic devices manufactured by
Intel and sold by Intel or its authorized distributors.  Please
refer to the applicable agreement for further details.



+----------------------------------------------------------------------------------+
; Flow Summary                                                                     ;
+------------------------------------+---------------------------------------------+
; Flow Status                        ; Successful - Tue Jul 25 21:04:48 2023       ;
; Quartus Prime Version              ; 17.1.0 Build 590 10/25/2017 SJ Lite Edition ;
; Revision Name                      ; NeoGeo_deca                                 ;
; Top-level Entity Name              ; deca_top                                    ;
; Family                             ; MAX 10                                      ;
; Device                             ; 10M50DAF484C6GES                            ;
; Timing Models                      ; Preliminary                                 ;
; Total logic elements               ; 19,661 / 49,760 ( 40 % )                    ;
;     Total combinational functions  ; 17,874 / 49,760 ( 36 % )                    ;
;     Dedicated logic registers      ; 8,266 / 49,760 ( 17 % )                     ;
; Total registers                    ; 8334                                        ;
; Total pins                         ; 154 / 360 ( 43 % )                          ;
; Total virtual pins                 ; 0                                           ;
; Total memory bits                  ; 514,013 / 1,677,312 ( 31 % )                ;
; Embedded Multiplier 9-bit elements ; 17 / 288 ( 6 % )                            ;
; Total PLLs                         ; 1 / 4 ( 25 % )                              ;
; UFM blocks                         ; 0 / 1 ( 0 % )                               ;
; ADC blocks                         ; 0 / 2 ( 0 % )                               ;
+------------------------------------+---------------------------------------------+


+-----------------------------------------+
; Flow Settings                           ;
+-------------------+---------------------+
; Option            ; Setting             ;
+-------------------+---------------------+
; Start date & time ; 07/25/2023 21:01:59 ;
; Main task         ; Compilation         ;
; Revision Name     ; NeoGeo_deca         ;
+-------------------+---------------------+


+-------------------------------------------------------------------------------------------------------------------------------------------------------------+
; Flow Non-Default Global Settings                                                                                                                            ;
+-------------------------------------+----------------------------------------------------------------------------+---------------+-------------+------------+
; Assignment Name                     ; Value                                                                      ; Default Value ; Entity Name ; Section Id ;
+-------------------------------------+----------------------------------------------------------------------------+---------------+-------------+------------+
; AUTO_MERGE_PLLS                     ; Off                                                                        ; On            ; --          ; --         ;
; COMPILER_SIGNATURE_ID               ; 277302814092627.169031171943833                                            ; --            ; --          ; --         ;
; MISC_FILE                           ; ../DeMiSTify/Board/deca/ulpi/PLL_PHASE90.ppf                               ; --            ; --          ; --         ;
; MISC_FILE                           ; pll_mist.ppf                                                               ; --            ; --          ; --         ;
; MISC_FILE                           ; ../DeMiSTify/controller/../EightThirtyTwo/RTL/altera/debug_virtualjtag.cmp ; --            ; --          ; --         ;
; NUM_PARALLEL_PROCESSORS             ; All                                                                        ; --            ; --          ; --         ;
; OUTPUT_IO_TIMING_FAR_END_VMEAS      ; Half Signal Swing                                                          ; --            ; --          ; --         ;
; OUTPUT_IO_TIMING_FAR_END_VMEAS      ; Half Signal Swing                                                          ; --            ; --          ; --         ;
; OUTPUT_IO_TIMING_NEAR_END_VMEAS     ; Half Vccio                                                                 ; --            ; --          ; --         ;
; OUTPUT_IO_TIMING_NEAR_END_VMEAS     ; Half Vccio                                                                 ; --            ; --          ; --         ;
; PARTITION_COLOR                     ; -- (Not supported for targeted family)                                     ; --            ; deca_top    ; Top        ;
; PARTITION_FITTER_PRESERVATION_LEVEL ; -- (Not supported for targeted family)                                     ; --            ; deca_top    ; Top        ;
; PARTITION_NETLIST_TYPE              ; -- (Not supported for targeted family)                                     ; --            ; deca_top    ; Top        ;
; PRE_FLOW_SCRIPT_FILE                ; quartus_sh:../mist/build_id.tcl                                            ; --            ; --          ; --         ;
; PROJECT_OUTPUT_DIRECTORY            ; output_files                                                               ; --            ; --          ; --         ;
; TOP_LEVEL_ENTITY                    ; deca_top                                                                   ; NeoGeo_deca   ; --          ; --         ;
; VERILOG_MACRO                       ; DEMISTIFY_PARALLEL_AUDIO=1                                                 ; --            ; --          ; --         ;
; VERILOG_MACRO                       ; DEMISTIFY_HDMI=1                                                           ; --            ; --          ; --         ;
; VERILOG_MACRO                       ; DEMISTIFY_DECA=1                                                           ; --            ; --          ; --         ;
; VERILOG_MACRO                       ; DEMISTIFY=1                                                                ; --            ; --          ; --         ;
+-------------------------------------+----------------------------------------------------------------------------+---------------+-------------+------------+


+-------------------------------------------------------------------------------------------------------------------------------+
; Flow Elapsed Time                                                                                                             ;
+---------------------------+--------------+-------------------------+---------------------+------------------------------------+
; Module Name               ; Elapsed Time ; Average Processors Used ; Peak Virtual Memory ; Total CPU Time (on all processors) ;
+---------------------------+--------------+-------------------------+---------------------+------------------------------------+
; Analysis & Synthesis      ; 00:01:15     ; 1.0                     ; 1316 MB             ; 00:01:34                           ;
; Fitter                    ; 00:01:24     ; 1.9                     ; 2512 MB             ; 00:03:40                           ;
; Assembler                 ; 00:00:04     ; 1.0                     ; 875 MB              ; 00:00:04                           ;
; TimeQuest Timing Analyzer ; 00:00:08     ; 4.4                     ; 1166 MB             ; 00:00:29                           ;
; Total                     ; 00:02:51     ; --                      ; --                  ; 00:05:47                           ;
+---------------------------+--------------+-------------------------+---------------------+------------------------------------+


+---------------------------------------------------------------------------------------------+
; Flow OS Summary                                                                             ;
+---------------------------+------------------+----------------+------------+----------------+
; Module Name               ; Machine Hostname ; OS Name        ; OS Version ; Processor type ;
+---------------------------+------------------+----------------+------------+----------------+
; Analysis & Synthesis      ; jordi-5600G      ; Ubuntu 22.04.2 ; 22         ; x86_64         ;
; Fitter                    ; jordi-5600G      ; Ubuntu 22.04.2 ; 22         ; x86_64         ;
; Assembler                 ; jordi-5600G      ; Ubuntu 22.04.2 ; 22         ; x86_64         ;
; TimeQuest Timing Analyzer ; jordi-5600G      ; Ubuntu 22.04.2 ; 22         ; x86_64         ;
+---------------------------+------------------+----------------+------------+----------------+


------------
; Flow Log ;
------------
quartus_map --read_settings_files=on --write_settings_files=off NeoGeo_deca -c NeoGeo_deca
quartus_fit --read_settings_files=off --write_settings_files=off NeoGeo_deca -c NeoGeo_deca
quartus_asm --read_settings_files=off --write_settings_files=off NeoGeo_deca -c NeoGeo_deca
quartus_sta NeoGeo_deca -c NeoGeo_deca



